<?xml version="1.0" encoding="UTF-8"?>
<!-- Generated by org.testng.reporters.JUnitReportReporter -->
<testsuite hostname="DIGITAL-0059" failures="0" tests="35" name="Main.Run" time="1117.377" errors="1" timestamp="2023-06-16T12:37:33 IST" skipped="0">
  <testcase classname="Main.Run" name="PageURLverify" time="42.281"/>
  <system-out/>
  <testcase classname="Main.Run" name="PageURLverify" time="42.350"/>
  <system-out/>
  <testcase classname="Main.Run" name="PageURLverify" time="29.260"/>
  <system-out/>
  <testcase classname="Main.Run" name="PageURLverify" time="29.118"/>
  <system-out/>
  <testcase classname="Main.Run" name="PageURLverify" time="29.608"/>
  <system-out/>
  <testcase classname="Main.Run" name="PageURLverify" time="32.033"/>
  <system-out/>
  <testcase classname="Main.Run" name="PageURLverify" time="34.319"/>
  <system-out/>
  <testcase classname="Main.Run" name="PageURLverify" time="29.035"/>
  <system-out/>
  <testcase classname="Main.Run" name="PageURLverify" time="29.757"/>
  <system-out/>
  <testcase classname="Main.Run" name="PageURLverify" time="29.428"/>
  <system-out/>
  <testcase classname="Main.Run" name="PageURLverify" time="31.931"/>
  <system-out/>
  <testcase classname="Main.Run" name="PageURLverify" time="52.105"/>
  <system-out/>
  <testcase classname="Main.Run" name="PageURLverify" time="31.810"/>
  <system-out/>
  <testcase classname="Main.Run" name="PageURLverify" time="31.214"/>
  <system-out/>
  <testcase classname="Main.Run" name="PageURLverify" time="31.669"/>
  <system-out/>
  <testcase classname="Main.Run" name="PageURLverify" time="28.934"/>
  <system-out/>
  <testcase classname="Main.Run" name="PageURLverify" time="29.106"/>
  <system-out/>
  <testcase classname="Main.Run" name="PageURLverify" time="29.080"/>
  <system-out/>
  <testcase classname="Main.Run" name="PageURLverify" time="30.718"/>
  <system-out/>
  <testcase classname="Main.Run" name="PageURLverify" time="29.072"/>
  <system-out/>
  <testcase classname="Main.Run" name="PageURLverify" time="30.846"/>
  <system-out/>
  <testcase classname="Main.Run" name="PageURLverify" time="29.850"/>
  <system-out/>
  <testcase classname="Main.Run" name="PageURLverify" time="29.272"/>
  <system-out/>
  <testcase classname="Main.Run" name="PageURLverify" time="31.126"/>
  <system-out/>
  <testcase classname="Main.Run" name="PageURLverify" time="43.664"/>
  <system-out/>
  <testcase classname="Main.Run" name="PageURLverify" time="32.215"/>
  <system-out/>
  <testcase classname="Main.Run" name="PageURLverify" time="29.443"/>
  <system-out/>
  <testcase classname="Main.Run" name="PageURLverify" time="30.548"/>
  <system-out/>
  <testcase classname="Main.Run" name="PageURLverify" time="31.811"/>
  <system-out/>
  <testcase classname="Main.Run" name="PageURLverify" time="28.744"/>
  <system-out/>
  <testcase classname="Main.Run" name="PageURLverify" time="29.977"/>
  <system-out/>
  <testcase classname="Main.Run" name="PageURLverify" time="33.784"/>
  <system-out/>
  <testcase classname="Main.Run" name="PageURLverify" time="28.588"/>
  <system-out/>
  <testcase classname="Main.Run" name="PageURLverify" time="22.636">
    <error message="no such element: Unable to locate element: {&quot;method&quot;:&quot;css selector&quot;,&quot;selector&quot;:&quot;h1&quot;}
  (Session info: chrome=114.0.5735.110)
For documentation on this error, please visit: https://www.seleniumhq.org/exceptions/no_such_element.html
Build info: version: &#039;3.141.59&#039;, revision: &#039;e82be7d358&#039;, time: &#039;2018-11-14T08:17:03&#039;
System info: host: &#039;DIGITAL-0059&#039;, ip: &#039;172.23.4.196&#039;, os.name: &#039;Windows 10&#039;, os.arch: &#039;amd64&#039;, os.version: &#039;10.0&#039;, java.version: &#039;17.0.1&#039;
Driver info: org.openqa.selenium.chrome.ChromeDriver
Capabilities {acceptInsecureCerts: false, browserName: chrome, browserVersion: 114.0.5735.110, chrome: {chromedriverVersion: 114.0.5735.90 (386bc09e8f4f..., userDataDir: C:\Users\j416\AppData\Local...}, goog:chromeOptions: {debuggerAddress: localhost:64681}, javascriptEnabled: true, networkConnectionEnabled: false, pageLoadStrategy: normal, platform: WINDOWS, platformName: WINDOWS, proxy: Proxy(), setWindowRect: true, strictFileInteractability: false, timeouts: {implicit: 0, pageLoad: 300000, script: 30000}, unhandledPromptBehavior: dismiss and notify, webauthn:extension:credBlob: true, webauthn:extension:largeBlob: true, webauthn:extension:minPinLength: true, webauthn:extension:prf: true, webauthn:virtualAuthenticators: true}
Session ID: 0cdaff130bbcf58b362581426b88032b
*** Element info: {Using=tag name, value=h1}" type="org.openqa.selenium.NoSuchElementException">
      <![CDATA[org.openqa.selenium.NoSuchElementException: no such element: Unable to locate element: {"method":"css selector","selector":"h1"}
  (Session info: chrome=114.0.5735.110)
For documentation on this error, please visit: https://www.seleniumhq.org/exceptions/no_such_element.html
Build info: version: '3.141.59', revision: 'e82be7d358', time: '2018-11-14T08:17:03'
System info: host: 'DIGITAL-0059', ip: '172.23.4.196', os.name: 'Windows 10', os.arch: 'amd64', os.version: '10.0', java.version: '17.0.1'
Driver info: org.openqa.selenium.chrome.ChromeDriver
Capabilities {acceptInsecureCerts: false, browserName: chrome, browserVersion: 114.0.5735.110, chrome: {chromedriverVersion: 114.0.5735.90 (386bc09e8f4f..., userDataDir: C:\Users\j416\AppData\Local...}, goog:chromeOptions: {debuggerAddress: localhost:64681}, javascriptEnabled: true, networkConnectionEnabled: false, pageLoadStrategy: normal, platform: WINDOWS, platformName: WINDOWS, proxy: Proxy(), setWindowRect: true, strictFileInteractability: false, timeouts: {implicit: 0, pageLoad: 300000, script: 30000}, unhandledPromptBehavior: dismiss and notify, webauthn:extension:credBlob: true, webauthn:extension:largeBlob: true, webauthn:extension:minPinLength: true, webauthn:extension:prf: true, webauthn:virtualAuthenticators: true}
Session ID: 0cdaff130bbcf58b362581426b88032b
*** Element info: {Using=tag name, value=h1}
at jdk.internal.reflect.GeneratedConstructorAccessor69.newInstance(Unknown Source)
at java.base/jdk.internal.reflect.DelegatingConstructorAccessorImpl.newInstance(DelegatingConstructorAccessorImpl.java:45)
at java.base/java.lang.reflect.Constructor.newInstanceWithCaller(Constructor.java:499)
at java.base/java.lang.reflect.Constructor.newInstance(Constructor.java:480)
at org.openqa.selenium.remote.http.W3CHttpResponseCodec.createException(W3CHttpResponseCodec.java:187)
at org.openqa.selenium.remote.http.W3CHttpResponseCodec.decode(W3CHttpResponseCodec.java:122)
at org.openqa.selenium.remote.http.W3CHttpResponseCodec.decode(W3CHttpResponseCodec.java:49)
at org.openqa.selenium.remote.HttpCommandExecutor.execute(HttpCommandExecutor.java:158)
at org.openqa.selenium.remote.service.DriverCommandExecutor.execute(DriverCommandExecutor.java:83)
at org.openqa.selenium.remote.RemoteWebDriver.execute(RemoteWebDriver.java:552)
at org.openqa.selenium.remote.RemoteWebDriver.findElement(RemoteWebDriver.java:323)
at org.openqa.selenium.remote.RemoteWebDriver.findElementByTagName(RemoteWebDriver.java:396)
at org.openqa.selenium.By$ByTagName.findElement(By.java:320)
at org.openqa.selenium.remote.RemoteWebDriver.findElement(RemoteWebDriver.java:315)
at Main.Run.PageURLverify(Run.java:209)
at java.base/jdk.internal.reflect.NativeMethodAccessorImpl.invoke0(Native Method)
at java.base/jdk.internal.reflect.NativeMethodAccessorImpl.invoke(NativeMethodAccessorImpl.java:77)
at java.base/jdk.internal.reflect.DelegatingMethodAccessorImpl.invoke(DelegatingMethodAccessorImpl.java:43)
at java.base/java.lang.reflect.Method.invoke(Method.java:568)
at org.testng.internal.MethodInvocationHelper.invokeMethod(MethodInvocationHelper.java:133)
at org.testng.internal.TestInvoker.invokeMethod(TestInvoker.java:598)
at org.testng.internal.TestInvoker.invokeTestMethod(TestInvoker.java:173)
at org.testng.internal.MethodRunner.runInSequence(MethodRunner.java:46)
at org.testng.internal.TestInvoker$MethodInvocationAgent.invoke(TestInvoker.java:824)
at org.testng.internal.TestInvoker.invokeTestMethods(TestInvoker.java:146)
at org.testng.internal.TestMethodWorker.invokeTestMethods(TestMethodWorker.java:146)
at org.testng.internal.TestMethodWorker.run(TestMethodWorker.java:128)
at java.base/java.util.ArrayList.forEach(ArrayList.java:1511)
at org.testng.TestRunner.privateRun(TestRunner.java:794)
at org.testng.TestRunner.run(TestRunner.java:596)
at org.testng.SuiteRunner.runTest(SuiteRunner.java:377)
at org.testng.SuiteRunner.runSequentially(SuiteRunner.java:371)
at org.testng.SuiteRunner.privateRun(SuiteRunner.java:332)
at org.testng.SuiteRunner.run(SuiteRunner.java:276)
at org.testng.SuiteRunnerWorker.runSuite(SuiteRunnerWorker.java:53)
at org.testng.SuiteRunnerWorker.run(SuiteRunnerWorker.java:96)
at org.testng.TestNG.runSuitesSequentially(TestNG.java:1212)
at org.testng.TestNG.runSuitesLocally(TestNG.java:1134)
at org.testng.TestNG.runSuites(TestNG.java:1063)
at org.testng.TestNG.run(TestNG.java:1031)
at org.testng.remote.AbstractRemoteTestNG.run(AbstractRemoteTestNG.java:115)
at org.testng.remote.RemoteTestNG.initAndRun(RemoteTestNG.java:251)
at org.testng.remote.RemoteTestNG.main(RemoteTestNG.java:77)
]]>
    </error>
  </testcase> <!-- PageURLverify -->
  <system-out/>
  <testcase classname="Main.Run" name="PageURLverify" time="32.045"/>
  <system-out/>
</testsuite> <!-- Main.Run -->
